TN:
SF:src/modules/appointments/services/CreateAppointmentService.ts
FN:15,(anonymous_18)
FN:16,CreateAppointmentService
FN:23,(anonymous_20)
FNF:3
FNH:3
FNDA:1,(anonymous_18)
FNDA:5,CreateAppointmentService
FNDA:7,(anonymous_20)
DA:1,1
DA:2,1
DA:5,1
DA:15,1
DA:18,5
DA:20,5
DA:23,1
DA:24,7
DA:25,7
DA:26,7
DA:28,7
DA:30,7
DA:31,2
DA:34,5
DA:35,1
DA:38,4
DA:39,1
DA:44,3
DA:48,3
DA:49,1
DA:51,2
DA:57,2
DA:58,4
DA:63,2
DA:65,1
DA:67,1
LF:26
LH:26
BRDA:30,0,0,2
BRDA:30,0,1,5
BRDA:34,1,0,1
BRDA:34,1,1,4
BRDA:38,2,0,1
BRDA:38,2,1,3
BRDA:38,3,0,4
BRDA:38,3,1,3
BRDA:48,4,0,1
BRDA:48,4,1,2
BRF:10
BRH:10
end_of_record
TN:
SF:src/modules/appointments/services/ListProviderAppointmentsService.ts
FN:14,(anonymous_17)
FN:15,ListProviderAppointmentsService
FN:20,(anonymous_19)
FNF:3
FNH:3
FNDA:1,(anonymous_17)
FNDA:1,ListProviderAppointmentsService
FNDA:1,(anonymous_19)
DA:1,1
DA:2,1
DA:14,1
DA:17,1
DA:20,1
DA:21,1
DA:22,1
DA:23,1
DA:24,1
DA:26,1
DA:34,1
DA:36,1
DA:38,1
LF:13
LH:13
BRDA:26,0,0,1
BRF:1
BRH:1
end_of_record
TN:
SF:src/modules/appointments/services/ListProviderDayAvailabilityService.ts
FN:19,(anonymous_17)
FN:20,ListProviderDayAvailabilityService
FN:25,(anonymous_19)
FN:42,(anonymous_22)
FN:45,(anonymous_23)
FN:47,(anonymous_24)
FNF:6
FNH:6
FNDA:1,(anonymous_17)
FNDA:1,ListProviderDayAvailabilityService
FNDA:1,(anonymous_19)
FNDA:10,(anonymous_22)
FNDA:10,(anonymous_23)
FNDA:19,(anonymous_24)
DA:1,1
DA:2,1
DA:3,1
DA:19,1
DA:22,1
DA:25,1
DA:26,1
DA:27,1
DA:28,1
DA:29,1
DA:31,1
DA:39,1
DA:40,1
DA:42,10
DA:44,1
DA:45,1
DA:46,10
DA:47,19
DA:50,10
DA:52,10
DA:58,1
DA:60,1
DA:62,1
LF:23
LH:23
BRDA:31,0,0,1
BRDA:54,1,0,10
BRDA:54,1,1,8
BRF:3
BRH:3
end_of_record
TN:
SF:src/modules/appointments/services/ListProviderMonthAvailabilityService.ts
FN:18,(anonymous_17)
FN:19,ListProviderMonthAvailabilityService
FN:24,(anonymous_19)
FN:40,(anonymous_22)
FN:43,(anonymous_23)
FN:45,(anonymous_24)
FNF:6
FNH:6
FNDA:1,(anonymous_17)
FNDA:1,ListProviderMonthAvailabilityService
FNDA:1,(anonymous_19)
FNDA:31,(anonymous_22)
FNDA:31,(anonymous_23)
FNDA:341,(anonymous_24)
DA:1,1
DA:2,1
DA:3,1
DA:18,1
DA:21,1
DA:24,1
DA:25,1
DA:26,1
DA:27,1
DA:29,1
DA:36,1
DA:38,1
DA:40,31
DA:43,1
DA:44,31
DA:45,341
DA:47,31
DA:53,1
DA:55,1
DA:57,1
LF:20
LH:20
BRDA:29,0,0,1
BRF:1
BRH:1
end_of_record
TN:
SF:src/modules/appointments/services/ListProvidersService.ts
FN:10,(anonymous_17)
FN:11,ListProvidersService
FN:16,(anonymous_19)
FNF:3
FNH:3
FNDA:1,(anonymous_17)
FNDA:1,ListProvidersService
FNDA:1,(anonymous_19)
DA:3,1
DA:10,1
DA:13,1
DA:16,1
DA:17,1
DA:21,1
DA:23,1
DA:25,1
LF:8
LH:8
BRDA:17,0,0,1
BRF:1
BRH:1
end_of_record
TN:
SF:src/modules/users/services/AuthenticateUserService.ts
FN:19,(anonymous_18)
FN:20,AuthenticateUserService
FN:27,(anonymous_20)
FNF:3
FNH:3
FNDA:1,(anonymous_18)
FNDA:3,AuthenticateUserService
FNDA:3,(anonymous_20)
DA:2,1
DA:3,1
DA:4,1
DA:5,1
DA:19,1
DA:22,3
DA:24,3
DA:27,3
DA:28,3
DA:29,3
DA:30,1
DA:32,2
DA:36,2
DA:37,1
DA:40,1
DA:42,1
DA:47,1
DA:52,1
DA:54,1
LF:19
LH:19
BRDA:28,0,0,3
BRDA:29,1,0,1
BRDA:29,1,1,2
BRDA:36,2,0,1
BRDA:36,2,1,1
BRF:5
BRH:5
end_of_record
TN:
SF:src/modules/users/services/CreateUserService.ts
FN:14,(anonymous_18)
FN:15,CreateUserService
FN:22,(anonymous_20)
FNF:3
FNH:3
FNDA:2,(anonymous_18)
FNDA:5,CreateUserService
FNDA:5,(anonymous_20)
DA:2,2
DA:4,2
DA:14,2
DA:18,5
DA:19,5
DA:22,5
DA:23,5
DA:24,5
DA:25,1
DA:28,4
DA:30,4
DA:36,4
DA:38,2
DA:40,2
LF:14
LH:14
BRDA:23,0,0,5
BRDA:24,1,0,1
BRDA:24,1,1,4
BRF:3
BRH:3
end_of_record
TN:
SF:src/modules/users/services/ResetPasswordService.ts
FN:15,(anonymous_18)
FN:16,ResetPasswordService
FN:25,(anonymous_20)
FNF:3
FNH:3
FNDA:1,(anonymous_18)
FNDA:4,ResetPasswordService
FNDA:4,(anonymous_20)
DA:2,1
DA:3,1
DA:5,1
DA:15,1
DA:18,4
DA:20,4
DA:22,4
DA:25,4
DA:26,4
DA:27,4
DA:28,1
DA:31,3
DA:33,3
DA:34,1
DA:37,2
DA:38,2
DA:39,2
DA:40,1
DA:43,1
DA:45,2
DA:47,1
DA:49,1
LF:22
LH:22
BRDA:26,0,0,4
BRDA:27,1,0,1
BRDA:27,1,1,3
BRDA:33,2,0,1
BRDA:33,2,1,2
BRDA:39,3,0,1
BRDA:39,3,1,1
BRF:7
BRH:7
end_of_record
TN:
SF:src/modules/users/services/SendForgotPasswordService.ts
FN:14,(anonymous_18)
FN:15,SendForgotPasswordService
FN:24,(anonymous_20)
FNF:3
FNH:3
FNDA:1,(anonymous_18)
FNDA:3,SendForgotPasswordService
FNDA:3,(anonymous_20)
DA:2,1
DA:3,1
DA:6,1
DA:14,1
DA:17,3
DA:19,3
DA:21,3
DA:24,3
DA:25,3
DA:26,3
DA:27,1
DA:29,2
DA:32,2
DA:39,4
DA:54,1
DA:56,1
LF:16
LH:16
BRDA:25,0,0,3
BRDA:26,1,0,1
BRDA:26,1,1,2
BRF:3
BRH:3
end_of_record
TN:
SF:src/modules/users/services/ShowProfileService.ts
FN:11,(anonymous_18)
FN:12,ShowProfileService
FN:17,(anonymous_20)
FNF:3
FNH:3
FNDA:1,(anonymous_18)
FNDA:2,ShowProfileService
FNDA:2,(anonymous_20)
DA:2,1
DA:4,1
DA:11,1
DA:14,2
DA:17,2
DA:18,2
DA:20,2
DA:21,1
DA:24,1
DA:26,1
DA:28,1
LF:11
LH:11
BRDA:18,0,0,2
BRDA:20,1,0,1
BRDA:20,1,1,1
BRF:3
BRH:3
end_of_record
TN:
SF:src/modules/users/services/UpdateProfileService.ts
FN:15,(anonymous_18)
FN:16,UpdateProfileService
FN:23,(anonymous_20)
FNF:3
FNH:3
FNDA:1,(anonymous_18)
FNDA:6,UpdateProfileService
FNDA:6,(anonymous_20)
DA:2,1
DA:5,1
DA:15,1
DA:18,6
DA:20,6
DA:23,1
DA:24,6
DA:25,6
DA:26,6
DA:27,6
DA:28,6
DA:30,6
DA:31,6
DA:32,1
DA:34,5
DA:36,5
DA:37,1
DA:40,4
DA:41,4
DA:43,4
DA:44,1
DA:49,4
DA:50,2
DA:54,2
DA:55,1
DA:57,1
DA:60,2
DA:62,1
DA:64,1
LF:29
LH:29
BRDA:30,0,0,6
BRDA:30,0,1,2
BRDA:31,1,0,1
BRDA:31,1,1,5
BRDA:36,2,0,1
BRDA:36,2,1,4
BRDA:36,3,0,5
BRDA:36,3,1,1
BRDA:43,4,0,1
BRDA:43,4,1,3
BRDA:43,5,0,4
BRDA:43,5,1,3
BRDA:49,6,0,1
BRDA:49,6,1,2
BRDA:49,7,0,3
BRDA:49,7,1,2
BRDA:54,8,0,1
BRDA:54,8,1,1
BRF:18
BRH:18
end_of_record
TN:
SF:src/modules/users/services/UpdateUserAvatarService.ts
FN:12,(anonymous_18)
FN:13,UpdateUserAvatarService
FN:20,(anonymous_20)
FNF:3
FNH:3
FNDA:1,(anonymous_18)
FNDA:3,UpdateUserAvatarService
FNDA:4,(anonymous_20)
DA:2,1
DA:5,1
DA:12,1
DA:15,3
DA:17,3
DA:20,4
DA:21,4
DA:23,4
DA:24,1
DA:27,5
DA:28,2
DA:31,3
DA:32,3
DA:34,6
DA:36,3
DA:38,1
DA:40,1
LF:17
LH:17
BRDA:21,0,0,4
BRDA:21,0,1,3
BRDA:23,1,0,1
BRDA:23,1,1,3
BRDA:27,2,0,2
BRDA:27,2,1,1
BRF:6
BRH:6
end_of_record
